[2024-05-12 15:19:37] local.ERROR: fopen(api.log): Failed to open stream: Permission denied {"exception":"[object] (ErrorException(code: 0): fopen(api.log): Failed to open stream: Permission denied at /Applications/XAMPP/xamppfiles/htdocs/ngastaa/app/Http/Middleware/LogApiErrors.php:24)
[stacktrace]
#0 /Applications/XAMPP/xamppfiles/htdocs/ngastaa/vendor/laravel/framework/src/Illuminate/Foundation/Bootstrap/HandleExceptions.php(270): Illuminate\\Foundation\\Bootstrap\\HandleExceptions->handleError(2, 'fopen(api.log):...', '/Applications/X...', 24)
#1 [internal function]: Illuminate\\Foundation\\Bootstrap\\HandleExceptions->Illuminate\\Foundation\\Bootstrap\\{closure}(2, 'fopen(api.log):...', '/Applications/X...', 24)
#2 /Applications/XAMPP/xamppfiles/htdocs/ngastaa/app/Http/Middleware/LogApiErrors.php(24): fopen('api.log', 'a')
#3 /Applications/XAMPP/xamppfiles/htdocs/ngastaa/vendor/laravel/framework/src/Illuminate/Pipeline/Pipeline.php(180): App\\Http\\Middleware\\LogApiErrors->handle(Object(Illuminate\\Http\\Request), Object(Closure))
#4 /Applications/XAMPP/xamppfiles/htdocs/ngastaa/vendor/laravel/framework/src/Illuminate/Foundation/Http/Middleware/TransformsRequest.php(21): Illuminate\\Pipeline\\Pipeline->Illuminate\\Pipeline\\{closure}(Object(Illuminate\\Http\\Request))
#5 /Applications/XAMPP/xamppfiles/htdocs/ngastaa/vendor/laravel/framework/src/Illuminate/Foundation/Http/Middleware/ConvertEmptyStringsToNull.php(31): Illuminate\\Foundation\\Http\\Middleware\\TransformsRequest->handle(Object(Illuminate\\Http\\Request), Object(Closure))
#6 /Applications/XAMPP/xamppfiles/htdocs/ngastaa/vendor/laravel/framework/src/Illuminate/Pipeline/Pipeline.php(180): Illuminate\\Foundation\\Http\\Middleware\\ConvertEmptyStringsToNull->handle(Object(Illuminate\\Http\\Request), Object(Closure))
#7 /Applications/XAMPP/xamppfiles/htdocs/ngastaa/vendor/laravel/framework/src/Illuminate/Foundation/Http/Middleware/TransformsRequest.php(21): Illuminate\\Pipeline\\Pipeline->Illuminate\\Pipeline\\{closure}(Object(Illuminate\\Http\\Request))
#8 /Applications/XAMPP/xamppfiles/htdocs/ngastaa/vendor/laravel/framework/src/Illuminate/Foundation/Http/Middleware/TrimStrings.php(40): Illuminate\\Foundation\\Http\\Middleware\\TransformsRequest->handle(Object(Illuminate\\Http\\Request), Object(Closure))
#9 /Applications/XAMPP/xamppfiles/htdocs/ngastaa/vendor/laravel/framework/src/Illuminate/Pipeline/Pipeline.php(180): Illuminate\\Foundation\\Http\\Middleware\\TrimStrings->handle(Object(Illuminate\\Http\\Request), Object(Closure))
#10 /Applications/XAMPP/xamppfiles/htdocs/ngastaa/vendor/laravel/framework/src/Illuminate/Foundation/Http/Middleware/ValidatePostSize.php(27): Illuminate\\Pipeline\\Pipeline->Illuminate\\Pipeline\\{closure}(Object(Illuminate\\Http\\Request))
#11 /Applications/XAMPP/xamppfiles/htdocs/ngastaa/vendor/laravel/framework/src/Illuminate/Pipeline/Pipeline.php(180): Illuminate\\Foundation\\Http\\Middleware\\ValidatePostSize->handle(Object(Illuminate\\Http\\Request), Object(Closure))
#12 /Applications/XAMPP/xamppfiles/htdocs/ngastaa/vendor/laravel/framework/src/Illuminate/Foundation/Http/Middleware/PreventRequestsDuringMaintenance.php(86): Illuminate\\Pipeline\\Pipeline->Illuminate\\Pipeline\\{closure}(Object(Illuminate\\Http\\Request))
#13 /Applications/XAMPP/xamppfiles/htdocs/ngastaa/vendor/laravel/framework/src/Illuminate/Pipeline/Pipeline.php(180): Illuminate\\Foundation\\Http\\Middleware\\PreventRequestsDuringMaintenance->handle(Object(Illuminate\\Http\\Request), Object(Closure))
#14 /Applications/XAMPP/xamppfiles/htdocs/ngastaa/vendor/laravel/framework/src/Illuminate/Http/Middleware/HandleCors.php(49): Illuminate\\Pipeline\\Pipeline->Illuminate\\Pipeline\\{closure}(Object(Illuminate\\Http\\Request))
#15 /Applications/XAMPP/xamppfiles/htdocs/ngastaa/vendor/laravel/framework/src/Illuminate/Pipeline/Pipeline.php(180): Illuminate\\Http\\Middleware\\HandleCors->handle(Object(Illuminate\\Http\\Request), Object(Closure))
#16 /Applications/XAMPP/xamppfiles/htdocs/ngastaa/vendor/laravel/framework/src/Illuminate/Http/Middleware/TrustProxies.php(39): Illuminate\\Pipeline\\Pipeline->Illuminate\\Pipeline\\{closure}(Object(Illuminate\\Http\\Request))
#17 /Applications/XAMPP/xamppfiles/htdocs/ngastaa/vendor/laravel/framework/src/Illuminate/Pipeline/Pipeline.php(180): Illuminate\\Http\\Middleware\\TrustProxies->handle(Object(Illuminate\\Http\\Request), Object(Closure))
#18 /Applications/XAMPP/xamppfiles/htdocs/ngastaa/vendor/laravel/framework/src/Illuminate/Pipeline/Pipeline.php(116): Illuminate\\Pipeline\\Pipeline->Illuminate\\Pipeline\\{closure}(Object(Illuminate\\Http\\Request))
#19 /Applications/XAMPP/xamppfiles/htdocs/ngastaa/vendor/laravel/framework/src/Illuminate/Foundation/Http/Kernel.php(165): Illuminate\\Pipeline\\Pipeline->then(Object(Closure))
#20 /Applications/XAMPP/xamppfiles/htdocs/ngastaa/vendor/laravel/framework/src/Illuminate/Foundation/Http/Kernel.php(134): Illuminate\\Foundation\\Http\\Kernel->sendRequestThroughRouter(Object(Illuminate\\Http\\Request))
#21 /Applications/XAMPP/xamppfiles/htdocs/ngastaa/index.php(53): Illuminate\\Foundation\\Http\\Kernel->handle(Object(Illuminate\\Http\\Request))
#22 {main}
"} 
[2024-05-14 14:19:14] local.ERROR: Unable to detect application namespace. {"exception":"[object] (RuntimeException(code: 0): Unable to detect application namespace. at E:\\xampp\\htdocs\\hr-attedance\\vendor\\laravel\\framework\\src\\Illuminate\\Foundation\\Application.php:1425)
[stacktrace]
#0 E:\\xampp\\htdocs\\hr-attedance\\vendor\\laravel\\framework\\src\\Illuminate\\Foundation\\Console\\Kernel.php(289): Illuminate\\Foundation\\Application->getNamespace()
#1 E:\\xampp\\htdocs\\hr-attedance\\app\\Console\\Kernel.php(28): Illuminate\\Foundation\\Console\\Kernel->load(Array)
#2 E:\\xampp\\htdocs\\hr-attedance\\vendor\\laravel\\framework\\src\\Illuminate\\Foundation\\Console\\Kernel.php(389): App\\Console\\Kernel->commands()
#3 E:\\xampp\\htdocs\\hr-attedance\\vendor\\laravel\\framework\\src\\Illuminate\\Foundation\\Console\\Kernel.php(153): Illuminate\\Foundation\\Console\\Kernel->bootstrap()
#4 Command line code(1): Illuminate\\Foundation\\Console\\Kernel->handle(Object(Symfony\\Component\\Console\\Input\\ArgvInput), Object(Symfony\\Component\\Console\\Output\\ConsoleOutput))
#5 {main}
"} 
[2024-05-14 14:19:57] local.ERROR: Unable to detect application namespace. {"exception":"[object] (RuntimeException(code: 0): Unable to detect application namespace. at E:\\xampp\\htdocs\\hr-attedance\\vendor\\laravel\\framework\\src\\Illuminate\\Foundation\\Application.php:1425)
[stacktrace]
#0 E:\\xampp\\htdocs\\hr-attedance\\vendor\\laravel\\framework\\src\\Illuminate\\Foundation\\Console\\Kernel.php(289): Illuminate\\Foundation\\Application->getNamespace()
#1 E:\\xampp\\htdocs\\hr-attedance\\app\\Console\\Kernel.php(28): Illuminate\\Foundation\\Console\\Kernel->load(Array)
#2 E:\\xampp\\htdocs\\hr-attedance\\vendor\\laravel\\framework\\src\\Illuminate\\Foundation\\Console\\Kernel.php(389): App\\Console\\Kernel->commands()
#3 E:\\xampp\\htdocs\\hr-attedance\\vendor\\laravel\\framework\\src\\Illuminate\\Foundation\\Console\\Kernel.php(153): Illuminate\\Foundation\\Console\\Kernel->bootstrap()
#4 Command line code(1): Illuminate\\Foundation\\Console\\Kernel->handle(Object(Symfony\\Component\\Console\\Input\\ArgvInput), Object(Symfony\\Component\\Console\\Output\\ConsoleOutput))
#5 {main}
"} 
[2024-05-14 14:19:57] local.ERROR: Unable to detect application namespace. {"exception":"[object] (RuntimeException(code: 0): Unable to detect application namespace. at E:\\xampp\\htdocs\\hr-attedance\\vendor\\laravel\\framework\\src\\Illuminate\\Foundation\\Application.php:1425)
[stacktrace]
#0 E:\\xampp\\htdocs\\hr-attedance\\vendor\\laravel\\framework\\src\\Illuminate\\Foundation\\Console\\Kernel.php(289): Illuminate\\Foundation\\Application->getNamespace()
#1 E:\\xampp\\htdocs\\hr-attedance\\app\\Console\\Kernel.php(28): Illuminate\\Foundation\\Console\\Kernel->load(Array)
#2 E:\\xampp\\htdocs\\hr-attedance\\vendor\\laravel\\framework\\src\\Illuminate\\Foundation\\Console\\Kernel.php(389): App\\Console\\Kernel->commands()
#3 E:\\xampp\\htdocs\\hr-attedance\\vendor\\laravel\\framework\\src\\Illuminate\\Foundation\\Console\\Kernel.php(153): Illuminate\\Foundation\\Console\\Kernel->bootstrap()
#4 Command line code(1): Illuminate\\Foundation\\Console\\Kernel->handle(Object(Symfony\\Component\\Console\\Input\\ArgvInput), Object(Symfony\\Component\\Console\\Output\\ConsoleOutput))
#5 {main}
"} 
[2024-05-14 14:20:42] local.ERROR: Unable to detect application namespace. {"exception":"[object] (RuntimeException(code: 0): Unable to detect application namespace. at E:\\xampp\\htdocs\\hr-attedance\\vendor\\laravel\\framework\\src\\Illuminate\\Foundation\\Application.php:1425)
[stacktrace]
#0 E:\\xampp\\htdocs\\hr-attedance\\vendor\\laravel\\framework\\src\\Illuminate\\Foundation\\Console\\Kernel.php(289): Illuminate\\Foundation\\Application->getNamespace()
#1 E:\\xampp\\htdocs\\hr-attedance\\app\\Console\\Kernel.php(28): Illuminate\\Foundation\\Console\\Kernel->load(Array)
#2 E:\\xampp\\htdocs\\hr-attedance\\vendor\\laravel\\framework\\src\\Illuminate\\Foundation\\Console\\Kernel.php(389): App\\Console\\Kernel->commands()
#3 E:\\xampp\\htdocs\\hr-attedance\\vendor\\laravel\\framework\\src\\Illuminate\\Foundation\\Console\\Kernel.php(153): Illuminate\\Foundation\\Console\\Kernel->bootstrap()
#4 Command line code(1): Illuminate\\Foundation\\Console\\Kernel->handle(Object(Symfony\\Component\\Console\\Input\\ArgvInput), Object(Symfony\\Component\\Console\\Output\\ConsoleOutput))
#5 {main}
"} 
[2024-05-14 14:20:55] local.ERROR: Unable to detect application namespace. {"exception":"[object] (RuntimeException(code: 0): Unable to detect application namespace. at E:\\xampp\\htdocs\\hr-attedance\\vendor\\laravel\\framework\\src\\Illuminate\\Foundation\\Application.php:1425)
[stacktrace]
#0 E:\\xampp\\htdocs\\hr-attedance\\vendor\\laravel\\framework\\src\\Illuminate\\Foundation\\Console\\Kernel.php(289): Illuminate\\Foundation\\Application->getNamespace()
#1 E:\\xampp\\htdocs\\hr-attedance\\app\\Console\\Kernel.php(28): Illuminate\\Foundation\\Console\\Kernel->load(Array)
#2 E:\\xampp\\htdocs\\hr-attedance\\vendor\\laravel\\framework\\src\\Illuminate\\Foundation\\Console\\Kernel.php(389): App\\Console\\Kernel->commands()
#3 E:\\xampp\\htdocs\\hr-attedance\\vendor\\laravel\\framework\\src\\Illuminate\\Foundation\\Console\\Kernel.php(153): Illuminate\\Foundation\\Console\\Kernel->bootstrap()
#4 Command line code(1): Illuminate\\Foundation\\Console\\Kernel->handle(Object(Symfony\\Component\\Console\\Input\\ArgvInput), Object(Symfony\\Component\\Console\\Output\\ConsoleOutput))
#5 {main}
"} 
[2024-05-14 14:20:57] local.ERROR: Unable to detect application namespace. {"exception":"[object] (RuntimeException(code: 0): Unable to detect application namespace. at E:\\xampp\\htdocs\\hr-attedance\\vendor\\laravel\\framework\\src\\Illuminate\\Foundation\\Application.php:1425)
[stacktrace]
#0 E:\\xampp\\htdocs\\hr-attedance\\vendor\\laravel\\framework\\src\\Illuminate\\Foundation\\Console\\Kernel.php(289): Illuminate\\Foundation\\Application->getNamespace()
#1 E:\\xampp\\htdocs\\hr-attedance\\app\\Console\\Kernel.php(28): Illuminate\\Foundation\\Console\\Kernel->load(Array)
#2 E:\\xampp\\htdocs\\hr-attedance\\vendor\\laravel\\framework\\src\\Illuminate\\Foundation\\Console\\Kernel.php(389): App\\Console\\Kernel->commands()
#3 E:\\xampp\\htdocs\\hr-attedance\\vendor\\laravel\\framework\\src\\Illuminate\\Foundation\\Console\\Kernel.php(153): Illuminate\\Foundation\\Console\\Kernel->bootstrap()
#4 Command line code(1): Illuminate\\Foundation\\Console\\Kernel->handle(Object(Symfony\\Component\\Console\\Input\\ArgvInput), Object(Symfony\\Component\\Console\\Output\\ConsoleOutput))
#5 {main}
"} 
[2024-05-14 14:20:57] local.ERROR: Unable to detect application namespace. {"exception":"[object] (RuntimeException(code: 0): Unable to detect application namespace. at E:\\xampp\\htdocs\\hr-attedance\\vendor\\laravel\\framework\\src\\Illuminate\\Foundation\\Application.php:1425)
[stacktrace]
#0 E:\\xampp\\htdocs\\hr-attedance\\vendor\\laravel\\framework\\src\\Illuminate\\Foundation\\Console\\Kernel.php(289): Illuminate\\Foundation\\Application->getNamespace()
#1 E:\\xampp\\htdocs\\hr-attedance\\app\\Console\\Kernel.php(28): Illuminate\\Foundation\\Console\\Kernel->load(Array)
#2 E:\\xampp\\htdocs\\hr-attedance\\vendor\\laravel\\framework\\src\\Illuminate\\Foundation\\Console\\Kernel.php(389): App\\Console\\Kernel->commands()
#3 E:\\xampp\\htdocs\\hr-attedance\\vendor\\laravel\\framework\\src\\Illuminate\\Foundation\\Console\\Kernel.php(153): Illuminate\\Foundation\\Console\\Kernel->bootstrap()
#4 Command line code(1): Illuminate\\Foundation\\Console\\Kernel->handle(Object(Symfony\\Component\\Console\\Input\\ArgvInput), Object(Symfony\\Component\\Console\\Output\\ConsoleOutput))
#5 {main}
"} 
[2024-05-14 14:21:06] local.ERROR: Unable to detect application namespace. {"exception":"[object] (RuntimeException(code: 0): Unable to detect application namespace. at E:\\xampp\\htdocs\\hr-attedance\\vendor\\laravel\\framework\\src\\Illuminate\\Foundation\\Application.php:1425)
[stacktrace]
#0 E:\\xampp\\htdocs\\hr-attedance\\vendor\\laravel\\framework\\src\\Illuminate\\Foundation\\Console\\Kernel.php(289): Illuminate\\Foundation\\Application->getNamespace()
#1 E:\\xampp\\htdocs\\hr-attedance\\app\\Console\\Kernel.php(28): Illuminate\\Foundation\\Console\\Kernel->load(Array)
#2 E:\\xampp\\htdocs\\hr-attedance\\vendor\\laravel\\framework\\src\\Illuminate\\Foundation\\Console\\Kernel.php(389): App\\Console\\Kernel->commands()
#3 E:\\xampp\\htdocs\\hr-attedance\\vendor\\laravel\\framework\\src\\Illuminate\\Foundation\\Console\\Kernel.php(153): Illuminate\\Foundation\\Console\\Kernel->bootstrap()
#4 Command line code(1): Illuminate\\Foundation\\Console\\Kernel->handle(Object(Symfony\\Component\\Console\\Input\\ArgvInput), Object(Symfony\\Component\\Console\\Output\\ConsoleOutput))
#5 {main}
"} 
[2024-05-14 15:22:10] local.ERROR: Can't use nullsafe operator in write context {"exception":"[object] (Symfony\\Component\\ErrorHandler\\Error\\FatalError(code: 0): Can't use nullsafe operator in write context at E:\\xampp\\htdocs\\hr-attedance\\app\\Http\\Controllers\\Api\\PresensiApiController.php:189)
[stacktrace]
#0 {main}
"} 
[2024-05-14 18:40:19] local.ERROR: Command "route:list--path=api" is not defined.

Did you mean one of these?
    route:cache
    route:clear
    route:list {"exception":"[object] (Symfony\\Component\\Console\\Exception\\CommandNotFoundException(code: 0): Command \"route:list--path=api\" is not defined.

Did you mean one of these?
    route:cache
    route:clear
    route:list at E:\\xampp\\htdocs\\hr-attedance\\vendor\\symfony\\console\\Application.php:737)
[stacktrace]
#0 E:\\xampp\\htdocs\\hr-attedance\\vendor\\symfony\\console\\Application.php(266): Symfony\\Component\\Console\\Application->find('route:list--pat...')
#1 E:\\xampp\\htdocs\\hr-attedance\\vendor\\symfony\\console\\Application.php(175): Symfony\\Component\\Console\\Application->doRun(Object(Symfony\\Component\\Console\\Input\\ArgvInput), Object(Symfony\\Component\\Console\\Output\\ConsoleOutput))
#2 E:\\xampp\\htdocs\\hr-attedance\\vendor\\laravel\\framework\\src\\Illuminate\\Console\\Application.php(102): Symfony\\Component\\Console\\Application->run(Object(Symfony\\Component\\Console\\Input\\ArgvInput), Object(Symfony\\Component\\Console\\Output\\ConsoleOutput))
#3 E:\\xampp\\htdocs\\hr-attedance\\vendor\\laravel\\framework\\src\\Illuminate\\Foundation\\Console\\Kernel.php(155): Illuminate\\Console\\Application->run(Object(Symfony\\Component\\Console\\Input\\ArgvInput), Object(Symfony\\Component\\Console\\Output\\ConsoleOutput))
#4 E:\\xampp\\htdocs\\hr-attedance\\artisan(37): Illuminate\\Foundation\\Console\\Kernel->handle(Object(Symfony\\Component\\Console\\Input\\ArgvInput), Object(Symfony\\Component\\Console\\Output\\ConsoleOutput))
#5 {main}
"} 
[2024-05-14 20:32:19] local.ERROR: syntax error, unexpected token "}", expecting identifier or variable or "{" or "$" {"exception":"[object] (Symfony\\Component\\ErrorHandler\\Error\\FatalError(code: 0): syntax error, unexpected token \"}\", expecting identifier or variable or \"{\" or \"$\" at E:\\xampp\\htdocs\\hr-attedance\\app\\Models\\User.php:242)
[stacktrace]
#0 {main}
"} 
[2024-05-14 20:32:25] local.ERROR: syntax error, unexpected token "}", expecting ";" {"exception":"[object] (Symfony\\Component\\ErrorHandler\\Error\\FatalError(code: 0): syntax error, unexpected token \"}\", expecting \";\" at E:\\xampp\\htdocs\\hr-attedance\\app\\Models\\User.php:242)
[stacktrace]
#0 {main}
"} 
[2024-05-14 20:32:31] local.ERROR: syntax error, unexpected token "}", expecting ";" {"exception":"[object] (Symfony\\Component\\ErrorHandler\\Error\\FatalError(code: 0): syntax error, unexpected token \"}\", expecting \";\" at E:\\xampp\\htdocs\\hr-attedance\\app\\Models\\User.php:242)
[stacktrace]
#0 {main}
"} 
